API:/ruleng/v2/safe/getValidCode------Elapsed_time:0.177388-秒
API:/ruleng/v2/safe/getValidCode------Elapsed_time:0.016313-秒
API:/ruleng/v2/safe/login------Elapsed_time:0.102537-秒
API:/ruleng/v2/safe/logout------Elapsed_time:0.010836-秒
API:/ruleng/v2/safe/getValidCode------Elapsed_time:0.034788-秒
API:/ruleng/gettoken------Elapsed_time:0.006065-秒
API:/ruleng/v2/certify------Elapsed_time:0.020654-秒
API:/ruleng/v2/safe/logout------Elapsed_time:0.00785-秒
API:/ruleng/v2/safe/getValidCode------Elapsed_time:0.008291-秒
API:/ruleng/gettoken------Elapsed_time:0.006095-秒
API:/ruleng/v2/certify------Elapsed_time:0.008397-秒
API:/ruleng/v2/run_error/date_list------Elapsed_time:0.02267-秒
API:/ruleng/v2/run_error/date_list------Elapsed_time:0.019705-秒
API:/ruleng/v2/run_error/overview/all------Elapsed_time:0.592305-秒
API:/ruleng/v2/run_error/overview/all------Elapsed_time:0.039456-秒
API:/ruleng/v2/run_error/overview/all------Elapsed_time:0.026491-秒
API:/ruleng/v2/run_error/overview/all------Elapsed_time:0.03162-秒
API:/ruleng/v2/run_error/overview/all------Elapsed_time:0.02119-秒
API:/ruleng/v2/run_error/overview/all------Elapsed_time:0.020514-秒
API:/ruleng/v2/run_error/data_govern/govern_info/question_list------Elapsed_time:2.212011-秒
API:/ruleng/v2/run_error/overview/all------Elapsed_time:0.038621-秒
API:/ruleng/v2/run_error/overview/all------Elapsed_time:0.035103-秒
API:/ruleng/v2/run_error/overview/over_meter/factory_top5------Elapsed_time:0.081671-秒
API:/ruleng/v2/run_error/overview/over_meter/factory_top5------Elapsed_time:0.021487-秒
API:/ruleng/v2/run_error/overview/over_meter/factory_top5------Elapsed_time:0.021477-秒
API:/ruleng/v2/run_error/overview/over_meter/year------Elapsed_time:0.09231-秒
API:/ruleng/v2/run_error/overview/meter/ststc_curve------Elapsed_time:0.273191-秒
API:/ruleng/v2/run_error/overview/over_meter/month_ststc_curve------Elapsed_time:0.140423-秒
API:/ruleng/v2/run_error/overview/over_meter/month_ststc_curve------Elapsed_time:0.020559-秒
API:/ruleng/v2/run_error/overview/over_meter/month_ststc_curve------Elapsed_time:0.028786-秒
API:/ruleng/v2/run_error/date_list------Elapsed_time:0.011911-秒
API:/ruleng/v2/run_error/date_list------Elapsed_time:0.018937-秒
API:/ruleng/v2/run_error/date_list------Elapsed_time:0.010598-秒
API:/ruleng/v2/run_error/date_list------Elapsed_time:0.009495-秒
API:/ruleng/v2/run_error/date_list------Elapsed_time:0.006943-秒
API:/ruleng/gettoken------Elapsed_time:0.005847-秒
API:/ruleng/v2/certify------Elapsed_time:0.009793-秒
API:/ruleng/v2/run_error/date_list------Elapsed_time:0.006276-秒
API:/ruleng/v2/safe/logout------Elapsed_time:0.008608-秒
API:/ruleng/v2/safe/getValidCode------Elapsed_time:0.013677-秒
API:/ruleng/gettoken------Elapsed_time:0.005939-秒
API:/ruleng/v2/certify------Elapsed_time:0.008043-秒
API:/ruleng/v2/run_error/date_list------Elapsed_time:0.00639-秒
API:/ruleng/v2/run_error/analysis/ststc------Elapsed_time:0.274004-秒
API:/ruleng/v2/run_error/analysis/ststc------Elapsed_time:0.069972-秒
API:/ruleng/v2/run_error/analysis/over_meters------Elapsed_time:0.247297-秒
API:/ruleng/v2/run_error/analysis/over_meters------Elapsed_time:0.496712-秒
API:/ruleng/v2/safe/logout------Elapsed_time:0.008302-秒
API:/ruleng/v2/safe/getValidCode------Elapsed_time:0.008506-秒
API:/ruleng/gettoken------Elapsed_time:0.00996-秒
API:/ruleng/v2/certify------Elapsed_time:0.008758-秒
API:/ruleng/v2/run_error/date_list------Elapsed_time:0.007629-秒
API:/ruleng/v2/run_error/data_govern/govern_info/ststc------Elapsed_time:0.122132-秒
API:/ruleng/v2/run_error/data_govern/govern_info/ststc------Elapsed_time:0.015459-秒
API:/ruleng/v2/run_error/data_govern/govern_info/ststc------Elapsed_time:0.007035-秒
API:/ruleng/v2/run_error/data_govern/govern_info/ststc------Elapsed_time:0.015889-秒
API:/ruleng/v2/run_error/data_govern/govern_info/ststc------Elapsed_time:0.014468-秒
API:/ruleng/v2/run_error/data_govern/govern_info/ststc------Elapsed_time:0.017074-秒
API:/ruleng/v2/run_error/data_govern/govern_info/ststc------Elapsed_time:0.020357-秒
API:/ruleng/v2/run_error/data_govern/govern_info/ststc------Elapsed_time:0.016779-秒
API:/ruleng/v2/run_error/data_govern/govern_info/ststc------Elapsed_time:0.017331-秒
API:/ruleng/v2/run_error/data_govern/govern_info/ststc------Elapsed_time:0.00738-秒
API:/ruleng/v2/run_error/data_govern/govern_info/ststc------Elapsed_time:0.009206-秒
API:/ruleng/v2/run_error/data_govern/govern_info/ststc------Elapsed_time:0.007502-秒
API:/ruleng/v2/run_error/data_govern/govern_info/question_list------Elapsed_time:0.134073-秒
API:/ruleng/v2/run_error/data_govern/govern_info/question_list------Elapsed_time:0.177951-秒
API:/ruleng/v2/run_error/data_govern/govern_info/question_list------Elapsed_time:0.188491-秒
API:/ruleng/v2/run_error/data_govern/govern_info/question_detail------Elapsed_time:0.828798-秒
API:/ruleng/v2/run_error/data_govern/govern_info/question_detail------Elapsed_time:0.213619-秒
API:/ruleng/v2/run_error/data_govern/govern_info/tg_list------Elapsed_time:0.229378-秒
API:/ruleng/v2/run_error/data_govern/govern_info/tg_list------Elapsed_time:0.199218-秒
API:/ruleng/v2/run_error/data_govern/govern_info/tg_list------Elapsed_time:0.064078-秒
API:/ruleng/v2/run_error/data_govern/govern_info/update_list------Elapsed_time:0.011714-秒
API:/ruleng/v2/run_error/data_govern/govern_info/tg_list------Elapsed_time:0.238599-秒
API:/ruleng/v2/run_error/data_govern/rules/rule_list------Elapsed_time:0.012371-秒
API:/ruleng/v2/run_error/data_govern/rules/rule_list------Elapsed_time:0.012918-秒
API:/ruleng/v2/run_error/data_govern/analysis/area/ststc------Elapsed_time:0.061287-秒
API:/ruleng/v2/run_error/data_govern/analysis/area/ststc------Elapsed_time:0.060404-秒
API:/ruleng/v2/run_error/data_govern/analysis/area/ststc------Elapsed_time:0.077472-秒
API:/ruleng/v2/run_error/data_govern/analysis/area/ststc------Elapsed_time:0.068994-秒
API:/ruleng/v2/run_error/data_govern/analysis/area/ststc------Elapsed_time:0.061358-秒
API:/ruleng/v2/run_error/data_govern/analysis/area/ststc------Elapsed_time:0.065392-秒
API:/ruleng/v2/run_error/data_govern/analysis/area/ststc------Elapsed_time:0.059311-秒
API:/ruleng/v2/run_error/data_govern/analysis/area/ststc------Elapsed_time:0.067301-秒
API:/ruleng/v2/run_error/data_govern/analysis/area/ststc------Elapsed_time:0.064069-秒
API:/ruleng/v2/run_error/data_govern/analysis/area/org_analysis_curve------Elapsed_time:0.142213-秒
API:/ruleng/v2/run_error/data_govern/analysis/area/ststc------Elapsed_time:0.062422-秒
API:/ruleng/v2/run_error/data_govern/analysis/q_type/ststc------Elapsed_time:0.029051-秒
API:/ruleng/v2/run_error/data_govern/analysis/q_type/ststc------Elapsed_time:0.02545-秒
API:/ruleng/v2/run_error/data_govern/govern_info/question_list------Elapsed_time:0.032491-秒
API:/ruleng/v2/safe/logout------Elapsed_time:0.009267-秒
API:/ruleng/v2/safe/getValidCode------Elapsed_time:0.009274-秒
API:/ruleng/gettoken------Elapsed_time:0.006316-秒
API:/ruleng/v2/certify------Elapsed_time:0.036086-秒
API:/ruleng/v2/run_error/date_list------Elapsed_time:0.007707-秒
API:/ruleng/control/data_governance/2022-03-06/02------Elapsed_time:0.116874-秒
API:/ruleng/control/data_governance/2022-03-06/02------Elapsed_time:0.108421-秒
API:/ruleng/v2/run_error/data_govern/govern_info/ststc------Elapsed_time:0.018687-秒
API:/ruleng/v2/safe/logout------Elapsed_time:0.034207-秒
API:/ruleng/v2/safe/getValidCode------Elapsed_time:0.01042-秒
API:/ruleng/gettoken------Elapsed_time:0.006144-秒
API:/ruleng/v2/certify------Elapsed_time:0.008399-秒
API:/ruleng/v2/run_error/date_list------Elapsed_time:0.007146-秒
API:/ruleng/v2/safe/logout------Elapsed_time:0.031606-秒
API:/ruleng/v2/safe/getValidCode------Elapsed_time:0.008739-秒
API:/ruleng/gettoken------Elapsed_time:0.006387-秒
API:/ruleng/v2/certify------Elapsed_time:0.009846-秒
API:/ruleng/v2/run_error/date_list------Elapsed_time:0.007797-秒
API:/ruleng/v2/safe/logout------Elapsed_time:0.016242-秒
API:/ruleng/v2/safe/getValidCode------Elapsed_time:0.021636-秒
API:/ruleng/gettoken------Elapsed_time:0.040709-秒
API:/ruleng/v2/certify------Elapsed_time:0.009904-秒
API:/ruleng/v2/safe/logout------Elapsed_time:0.010349-秒
API:/ruleng/v2/safe/getValidCode------Elapsed_time:0.023128-秒
API:/ruleng/gettoken------Elapsed_time:0.006046-秒
API:/ruleng/v2/certify------Elapsed_time:0.008991-秒
API:/ruleng/v2/safe/logout------Elapsed_time:0.008457-秒
API:/ruleng/v2/safe/getValidCode------Elapsed_time:0.011593-秒
API:/ruleng/gettoken------Elapsed_time:0.006131-秒
API:/ruleng/v2/certify------Elapsed_time:0.008739-秒
API:/ruleng/v2/run_error/date_list------Elapsed_time:0.007634-秒
API:/ruleng/v2/safe/logout------Elapsed_time:0.01086-秒
API:/ruleng/v2/safe/getValidCode------Elapsed_time:0.008848-秒
API:/ruleng/gettoken------Elapsed_time:0.006912-秒
API:/ruleng/v2/certify------Elapsed_time:0.025909-秒
API:/ruleng/v2/run_error/date_list------Elapsed_time:0.007809-秒
API:/ruleng/control/model_appraise/2022-03-06/02------Elapsed_time:0.227931-秒
API:/ruleng/v2/safe/logout------Elapsed_time:0.009621-秒
API:/ruleng/v2/safe/getValidCode------Elapsed_time:0.008595-秒
API:/ruleng/gettoken------Elapsed_time:0.005604-秒
API:/ruleng/v2/certify------Elapsed_time:0.0145-秒
API:/ruleng/v2/run_error/date_list------Elapsed_time:0.021162-秒
API:/ruleng/control/status_appraise/2022-03-06/02------Elapsed_time:0.031993-秒
API:/ruleng/control/status_appraise/2022-03-06/02------Elapsed_time:0.029743-秒
API:/ruleng/v2/safe/logout------Elapsed_time:0.008728-秒
API:/ruleng/v2/safe/getValidCode------Elapsed_time:0.011026-秒
API:/ruleng/gettoken------Elapsed_time:0.006359-秒
API:/ruleng/v2/certify------Elapsed_time:0.008986-秒
API:/ruleng/v2/run_error/date_list------Elapsed_time:0.008329-秒
API:/ruleng/v2/run_error/overview/all------Elapsed_time:0.024168-秒
API:/ruleng/v2/run_error/overview/all------Elapsed_time:0.059831-秒
API:/ruleng/v2/run_error/overview/all------Elapsed_time:0.02663-秒
API:/ruleng/v2/safe/logout------Elapsed_time:0.008616-秒
API:/ruleng/v2/safe/getValidCode------Elapsed_time:0.007682-秒
API:/ruleng/gettoken------Elapsed_time:0.006351-秒
API:/ruleng/v2/certify------Elapsed_time:0.009066-秒
API:/ruleng/v2/safe/logout------Elapsed_time:0.0084-秒
API:/ruleng/v2/safe/getValidCode------Elapsed_time:0.129604-秒
API:/ruleng/gettoken------Elapsed_time:0.006656-秒
API:/ruleng/v2/certify------Elapsed_time:0.008187-秒
API:/ruleng/v2/run_error/date_list------Elapsed_time:0.007986-秒
API:/ruleng/power/err_area_list/2022-03-07------Elapsed_time:0.132031-秒
API:/ruleng/power/err_area_results/2022-03-07------Elapsed_time:0.209505-秒
API:/ruleng/v2/safe/logout------Elapsed_time:0.008589-秒
API:/ruleng/v2/safe/getValidCode------Elapsed_time:0.009245-秒
API:/ruleng/v2/safe/login------Elapsed_time:0.057505-秒
API:/ruleng/v2/safe/login------Elapsed_time:0.047951-秒
API:/ruleng/v2/safe/user/getUsers------Elapsed_time:0.042466-秒
API:/ruleng/v2/safe/user/getUsers------Elapsed_time:0.068701-秒
API:/ruleng/v2/safe/user/getUsers------Elapsed_time:0.043091-秒
API:/ruleng/v1/safe/user/addUser------Elapsed_time:0.048027-秒
API:/ruleng/v2/safe/user/getUsers------Elapsed_time:0.072775-秒
API:/ruleng/v2/safe/user/getUsers------Elapsed_time:0.045078-秒
API:/ruleng/v1/safe/user/updateUserRole------Elapsed_time:0.039727-秒
API:/ruleng/v1/safe/user/updateUserRole------Elapsed_time:0.061775-秒
API:/ruleng/v1/safe/user/updateUserRole------Elapsed_time:0.040563-秒
API:/ruleng/v2/safe/getValidCode------Elapsed_time:0.00851-秒
API:/ruleng/v2/safe/logout------Elapsed_time:0.008467-秒
API:/ruleng/v2/safe/login------Elapsed_time:0.045349-秒
API:/ruleng/v1/safe/self/updatePasswd------Elapsed_time:0.051834-秒
API:/ruleng/v2/safe/login------Elapsed_time:0.049357-秒
API:/ruleng/v1/safe/user/updateUserStatus------Elapsed_time:0.038277-秒
API:/ruleng/v2/safe/logout------Elapsed_time:0.009466-秒
API:/ruleng/v2/safe/login------Elapsed_time:0.028906-秒
API:/ruleng/v2/safe/logout------Elapsed_time:0.009372-秒
API:/ruleng/v2/safe/login------Elapsed_time:0.050013-秒
API:/ruleng/v1/safe/user/updateUserStatus------Elapsed_time:0.042726-秒
API:/ruleng/v2/safe/logout------Elapsed_time:0.010812-秒
API:/ruleng/v2/safe/login------Elapsed_time:0.032191-秒
API:/ruleng/v2/safe/logout------Elapsed_time:0.007039-秒
API:/ruleng/v2/safe/login------Elapsed_time:0.046983-秒
API:/ruleng/v1/safe/user/updateUserStatus------Elapsed_time:0.036014-秒
API:/ruleng/v2/safe/logout------Elapsed_time:0.008316-秒
API:/ruleng/v2/safe/login------Elapsed_time:0.047407-秒
API:/ruleng/v2/safe/logout------Elapsed_time:0.007172-秒
API:/ruleng/v2/safe/login------Elapsed_time:0.048468-秒
API:/ruleng/v1/safe/user/updateUserStatus------Elapsed_time:0.039631-秒
API:/ruleng/v2/safe/logout------Elapsed_time:0.009418-秒
API:/ruleng/v2/safe/login------Elapsed_time:0.055584-秒
API:/ruleng/v2/safe/logout------Elapsed_time:0.006779-秒
API:/ruleng/v2/safe/login------Elapsed_time:0.061085-秒
API:/ruleng/v2/safe/user/getUsers------Elapsed_time:0.041253-秒
API:/ruleng/v2/safe/user/getUsers------Elapsed_time:0.042022-秒
API:/ruleng/v1/safe/user/updateUserInfo------Elapsed_time:0.088497-秒
API:/ruleng/v2/safe/user/getUsers------Elapsed_time:0.041682-秒
API:/ruleng/v2/safe/user/getUsers------Elapsed_time:0.043361-秒
API:/ruleng/v1/safe/user/delUser------Elapsed_time:0.035865-秒
API:/ruleng/v2/safe/user/getUsers------Elapsed_time:0.038321-秒
API:/ruleng/v2/safe/user/getUsers------Elapsed_time:0.039077-秒
API:/ruleng/v2/safe/user/getUsers------Elapsed_time:0.042964-秒
API:/ruleng/v2/safe/user/getUsers------Elapsed_time:0.041268-秒
API:/ruleng/v2/safe/user/getUsers------Elapsed_time:0.04082-秒
API:/ruleng/v2/safe/user/getUsers------Elapsed_time:0.038437-秒
API:/ruleng/v2/safe/user/getUsers------Elapsed_time:0.038115-秒
API:/ruleng/v2/safe/logout------Elapsed_time:0.008688-秒
API:/ruleng/v2/safe/getValidCode------Elapsed_time:0.010732-秒
API:/ruleng/gettoken------Elapsed_time:0.006179-秒
API:/ruleng/v2/certify------Elapsed_time:0.008556-秒
API:/ruleng/v2/run_error/overview/all------Elapsed_time:0.192421-秒
API:/ruleng/v2/run_error/overview/all------Elapsed_time:0.023481-秒
API:/ruleng/v2/run_error/overview/all------Elapsed_time:0.112281-秒
API:/ruleng/v2/run_error/overview/all------Elapsed_time:0.120149-秒
API:/ruleng/v2/run_error/overview/all------Elapsed_time:0.040248-秒
API:/ruleng/v2/run_error/overview/all------Elapsed_time:0.026084-秒
API:/ruleng/v2/run_error/overview/all------Elapsed_time:0.025619-秒
API:/ruleng/v2/run_error/overview/all------Elapsed_time:0.022267-秒
API:/ruleng/v2/run_error/overview/all------Elapsed_time:0.02087-秒
API:/ruleng/v2/run_error/overview/all------Elapsed_time:0.022327-秒
API:/ruleng/v2/run_error/overview/all------Elapsed_time:0.022134-秒
API:/ruleng/v2/run_error/overview/all------Elapsed_time:0.022062-秒
API:/ruleng/v2/run_error/overview/all------Elapsed_time:0.021593-秒
API:/ruleng/v2/run_error/overview/all------Elapsed_time:0.023198-秒
API:/ruleng/v2/run_error/overview/all------Elapsed_time:0.022643-秒
API:/ruleng/v2/run_error/overview/all------Elapsed_time:0.023822-秒
API:/ruleng/v2/run_error/analysis/ststc------Elapsed_time:0.313746-秒
API:/ruleng/v2/run_error/analysis/ststc------Elapsed_time:0.063237-秒
API:/ruleng/v2/run_error/analysis/ststc------Elapsed_time:0.059804-秒
API:/ruleng/v2/run_error/analysis/ststc------Elapsed_time:0.079719-秒
API:/ruleng/v2/run_error/analysis/ststc------Elapsed_time:0.084551-秒
API:/ruleng/v2/run_error/analysis/ststc------Elapsed_time:0.06325-秒
API:/ruleng/v2/run_error/analysis/ststc------Elapsed_time:0.066458-秒
API:/ruleng/v2/run_error/analysis/ststc------Elapsed_time:0.075815-秒
API:/ruleng/v2/run_error/analysis/ststc------Elapsed_time:0.094316-秒
API:/ruleng/v2/run_error/analysis/ststc------Elapsed_time:0.058352-秒
API:/ruleng/v2/run_error/analysis/ststc------Elapsed_time:0.061383-秒
API:/ruleng/v2/run_error/analysis/ststc------Elapsed_time:0.077179-秒
API:/ruleng/v2/run_error/analysis/ststc------Elapsed_time:0.077961-秒
API:/ruleng/v2/run_error/analysis/ststc------Elapsed_time:0.071241-秒
API:/ruleng/v2/run_error/analysis/ststc------Elapsed_time:0.059485-秒
API:/ruleng/v2/run_error/analysis/ststc------Elapsed_time:0.074527-秒
API:/ruleng/v2/run_error/meter/area/ststc------Elapsed_time:0.074073-秒
API:/ruleng/v2/run_error/meter/area/ststc------Elapsed_time:0.066732-秒
API:/ruleng/v2/run_error/meter/area/ststc------Elapsed_time:0.062687-秒
API:/ruleng/v2/run_error/meter/area/ststc------Elapsed_time:0.074786-秒
API:/ruleng/v2/run_error/meter/area/ststc------Elapsed_time:0.078439-秒
API:/ruleng/v2/run_error/meter/area/ststc------Elapsed_time:0.061711-秒
API:/ruleng/v2/run_error/meter/area/ststc------Elapsed_time:0.065127-秒
API:/ruleng/v2/run_error/meter/area/ststc------Elapsed_time:0.077494-秒
API:/ruleng/v2/run_error/meter/area/ststc------Elapsed_time:0.080786-秒
API:/ruleng/v2/run_error/meter/area/ststc------Elapsed_time:0.061145-秒
API:/ruleng/v2/run_error/meter/area/ststc------Elapsed_time:0.071308-秒
API:/ruleng/v2/run_error/meter/area/ststc------Elapsed_time:0.07978-秒
API:/ruleng/v2/run_error/data_govern/govern_info/ststc------Elapsed_time:0.056257-秒
API:/ruleng/v2/run_error/data_govern/govern_info/ststc------Elapsed_time:0.040892-秒
API:/ruleng/v2/run_error/data_govern/govern_info/ststc------Elapsed_time:0.033729-秒
API:/ruleng/v2/run_error/data_govern/govern_info/ststc------Elapsed_time:0.035967-秒
API:/ruleng/v2/run_error/data_govern/govern_info/ststc------Elapsed_time:0.038545-秒
API:/ruleng/v2/run_error/data_govern/govern_info/ststc------Elapsed_time:0.007553-秒
API:/ruleng/v2/run_error/data_govern/govern_info/ststc------Elapsed_time:0.00685-秒
API:/ruleng/v2/run_error/data_govern/govern_info/ststc------Elapsed_time:0.008087-秒
API:/ruleng/v2/run_error/data_govern/govern_info/ststc------Elapsed_time:0.006316-秒
API:/ruleng/v2/run_error/data_govern/govern_info/ststc------Elapsed_time:0.008719-秒
API:/ruleng/v2/run_error/data_govern/govern_info/ststc------Elapsed_time:0.007065-秒
API:/ruleng/v2/run_error/data_govern/govern_info/ststc------Elapsed_time:0.008383-秒
API:/ruleng/v2/run_error/data_govern/govern_info/ststc------Elapsed_time:0.008104-秒
API:/ruleng/v2/run_error/data_govern/govern_info/ststc------Elapsed_time:0.006405-秒
API:/ruleng/v2/run_error/data_govern/govern_info/ststc------Elapsed_time:0.027259-秒
API:/ruleng/v2/run_error/data_govern/govern_info/ststc------Elapsed_time:0.008738-秒
API:/ruleng/v2/run_error/data_govern/govern_info/ststc------Elapsed_time:0.007228-秒
API:/ruleng/v2/run_error/data_govern/govern_info/ststc------Elapsed_time:0.008857-秒
API:/ruleng/v2/run_error/data_govern/govern_info/ststc------Elapsed_time:0.008071-秒
API:/ruleng/v2/run_error/data_govern/govern_info/ststc------Elapsed_time:0.008034-秒
API:/ruleng/v2/run_error/data_govern/govern_info/ststc------Elapsed_time:0.006918-秒
API:/ruleng/v2/run_error/data_govern/govern_info/ststc------Elapsed_time:0.007849-秒
API:/ruleng/v2/run_error/data_govern/govern_info/ststc------Elapsed_time:0.006779-秒
API:/ruleng/v2/run_error/data_govern/govern_info/ststc------Elapsed_time:0.006915-秒
API:/ruleng/v2/run_error/data_govern/govern_info/ststc------Elapsed_time:0.007308-秒
API:/ruleng/v2/run_error/data_govern/govern_info/ststc------Elapsed_time:0.007295-秒
API:/ruleng/v2/run_error/data_govern/govern_info/ststc------Elapsed_time:0.006452-秒
API:/ruleng/v2/run_error/data_govern/govern_info/ststc------Elapsed_time:0.006153-秒
API:/ruleng/v2/run_error/data_govern/govern_info/ststc------Elapsed_time:0.006566-秒
API:/ruleng/v2/run_error/data_govern/govern_info/ststc------Elapsed_time:0.007669-秒
API:/ruleng/v2/run_error/data_govern/govern_info/ststc------Elapsed_time:0.013281-秒
API:/ruleng/v2/run_error/data_govern/govern_info/ststc------Elapsed_time:0.007266-秒
API:/ruleng/v2/safe/logout------Elapsed_time:0.008703-秒
API:/ruleng/v2/safe/getValidCode------Elapsed_time:0.020819-秒
API:/ruleng/gettoken------Elapsed_time:0.013263-秒
API:/ruleng/v2/certify------Elapsed_time:0.008946-秒
API:/ruleng/v2/run_error/overview/all------Elapsed_time:0.127626-秒
API:/ruleng/v2/run_error/overview/all------Elapsed_time:0.202065-秒
API:/ruleng/v2/run_error/overview/all------Elapsed_time:0.232146-秒
API:/ruleng/v2/run_error/overview/all------Elapsed_time:0.110061-秒
API:/ruleng/v2/run_error/overview/all------Elapsed_time:0.01971-秒
API:/ruleng/v2/run_error/overview/all------Elapsed_time:0.023762-秒
API:/ruleng/v2/run_error/overview/all------Elapsed_time:0.025046-秒
API:/ruleng/v2/run_error/overview/all------Elapsed_time:0.024058-秒
API:/ruleng/v2/run_error/overview/all------Elapsed_time:0.023654-秒
API:/ruleng/v2/run_error/overview/all------Elapsed_time:0.020183-秒
API:/ruleng/v2/run_error/overview/all------Elapsed_time:0.024402-秒
API:/ruleng/v2/run_error/overview/all------Elapsed_time:0.021854-秒
API:/ruleng/v2/safe/logout------Elapsed_time:0.009028-秒
API:/ruleng/v2/safe/getValidCode------Elapsed_time:0.010705-秒
API:/ruleng/gettoken------Elapsed_time:0.005576-秒
API:/ruleng/v2/certify------Elapsed_time:0.009289-秒
API:/ruleng/v2/run_error/overview/all------Elapsed_time:0.158686-秒
API:/ruleng/v2/run_error/overview/all------Elapsed_time:0.096092-秒
API:/ruleng/v2/run_error/overview/all------Elapsed_time:0.381736-秒
API:/ruleng/v2/run_error/overview/all------Elapsed_time:0.11769-秒
API:/ruleng/v2/run_error/overview/all------Elapsed_time:0.024024-秒
API:/ruleng/v2/run_error/overview/all------Elapsed_time:0.023552-秒
API:/ruleng/v2/run_error/overview/all------Elapsed_time:0.023248-秒
API:/ruleng/v2/run_error/overview/all------Elapsed_time:0.024803-秒
API:/ruleng/v2/run_error/overview/all------Elapsed_time:0.027537-秒
API:/ruleng/v2/run_error/overview/all------Elapsed_time:0.02325-秒
API:/ruleng/v2/run_error/overview/all------Elapsed_time:0.023649-秒
API:/ruleng/v2/run_error/overview/all------Elapsed_time:0.020967-秒
API:/ruleng/v2/safe/logout------Elapsed_time:0.010408-秒
API:/ruleng/v1/run_error/big/cal_rate------Elapsed_time:3.342102-秒
API:/ruleng/v2/safe/getValidCode------Elapsed_time:0.008518-秒
API:/ruleng/gettoken------Elapsed_time:0.005958-秒
API:/ruleng/v2/certify------Elapsed_time:0.011008-秒
API:/ruleng/v2/run_error/date_list------Elapsed_time:0.00766-秒
API:/ruleng/v2/run_error/meter/area/ststc------Elapsed_time:0.06308-秒
API:/ruleng/v2/run_error/meter/area/ststc------Elapsed_time:0.071779-秒
API:/ruleng/v2/run_error/meter/area/ststc------Elapsed_time:0.055357-秒
API:/ruleng/v2/run_error/meter/area/ststc------Elapsed_time:0.069038-秒
API:/ruleng/v2/run_error/meter/area/ststc------Elapsed_time:0.064487-秒
API:/ruleng/v2/run_error/meter/area/ststc------Elapsed_time:0.058081-秒
API:/ruleng/v2/run_error/meter/area/err_meter/type_num_curve------Elapsed_time:0.974286-秒
API:/ruleng/v2/run_error/meter/err_meter/err_type/ststc------Elapsed_time:0.052104-秒
API:/ruleng/v2/run_error/meter/err_meter/err_type/ststc------Elapsed_time:0.048546-秒
API:/ruleng/v2/run_error/meter/err_meter/err_type/ststc------Elapsed_time:0.089371-秒
API:/ruleng/v2/run_error/meter/err_meter/err_type/ststc------Elapsed_time:0.048561-秒
API:/ruleng/v2/run_error/meter/err_meter/err_type/ststc------Elapsed_time:0.047955-秒
API:/ruleng/v2/run_error/meter/err_meter/err_type/ststc------Elapsed_time:0.046184-秒
API:/ruleng/v2/run_error/meter/err_meter/err_type/ststc------Elapsed_time:0.04642-秒
API:/ruleng/v2/run_error/meter/err_meter/err_type/ststc------Elapsed_time:0.053461-秒
API:/ruleng/v2/run_error/meter/err_meter/err_type/ststc------Elapsed_time:0.055153-秒
API:/ruleng/v2/run_error/meter/err_meter/err_type/ststc------Elapsed_time:0.051353-秒
API:/ruleng/v2/run_error/meter/err_meter/err_type/ststc------Elapsed_time:0.04728-秒
API:/ruleng/v2/run_error/meter/meter_list------Elapsed_time:0.213895-秒
API:/ruleng/v2/run_error/meter/meter_list------Elapsed_time:0.480251-秒
API:/ruleng/v2/run_error/meter/meter_list------Elapsed_time:0.38741-秒
API:/ruleng/v2/run_error/meter/meter_list------Elapsed_time:0.304377-秒
API:/ruleng/v2/run_error/meter/meter_list------Elapsed_time:0.283418-秒
API:/ruleng/v2/run_error/meter/detail/meter_info------Elapsed_time:0.266124-秒
API:/ruleng/v2/run_error/meter/meter_list------Elapsed_time:0.298325-秒
API:/ruleng/v2/run_error/meter/detail/m_analysis_curve------Elapsed_time:109.562683-秒
API:/ruleng/v2/run_error/meter/meter_list------Elapsed_time:0.573877-秒
API:/ruleng/v2/run_error/meter/detail/err_info------Elapsed_time:0.04443-秒
API:/ruleng/v2/safe/logout------Elapsed_time:0.013986-秒
API:/ruleng/v2/safe/getValidCode------Elapsed_time:0.010975-秒
API:/ruleng/gettoken------Elapsed_time:0.005571-秒
API:/ruleng/v2/certify------Elapsed_time:0.009218-秒
API:/ruleng/v2/run_error/date_list------Elapsed_time:0.00721-秒
API:/ruleng/v2/run_error/tg/area/ststc------Elapsed_time:0.073478-秒
API:/ruleng/v2/run_error/tg/area/ststc------Elapsed_time:0.059448-秒
API:/ruleng/v2/run_error/tg/area/ststc------Elapsed_time:0.076238-秒
API:/ruleng/v2/run_error/tg/area/ststc------Elapsed_time:0.069319-秒
API:/ruleng/v2/run_error/tg/area/ststc------Elapsed_time:0.0597-秒
API:/ruleng/v2/run_error/tg/area/ststc------Elapsed_time:0.068532-秒
API:/ruleng/v2/run_error/tg/area/ststc------Elapsed_time:0.061338-秒
API:/ruleng/v2/run_error/tg/area/ststc------Elapsed_time:0.075513-秒
API:/ruleng/v2/run_error/tg/abnor_tg/err_type/ststc------Elapsed_time:0.030336-秒
API:/ruleng/v2/run_error/tg/abnor_tg/err_type/ststc------Elapsed_time:0.440722-秒
API:/ruleng/v2/run_error/tg/abnor_tg/err_type/ststc------Elapsed_time:0.030369-秒
API:/ruleng/v2/run_error/tg/abnor_tg/err_type/ststc------Elapsed_time:0.029871-秒
API:/ruleng/v2/run_error/tg/abnor_tg/err_type/ststc------Elapsed_time:0.028744-秒
API:/ruleng/v2/run_error/tg/abnor_tg/err_type/ststc------Elapsed_time:0.027635-秒
API:/ruleng/v2/run_error/tg/abnor_tg/err_type/ststc------Elapsed_time:0.027512-秒
API:/ruleng/v2/run_error/tg/abnor_tg/err_type/ststc------Elapsed_time:0.026114-秒
API:/ruleng/v2/run_error/tg/abnor_tg/err_type/ststc------Elapsed_time:0.030605-秒
API:/ruleng/v2/run_error/tg/abnor_tg/err_type/ststc------Elapsed_time:0.031994-秒
API:/ruleng/v2/run_error/tg/abnor_tg/err_type/ststc------Elapsed_time:0.031073-秒
API:/ruleng/v2/run_error/tg/abnor_tg/err_type/ststc------Elapsed_time:0.090937-秒
API:/ruleng/v2/run_error/tg/tg_list------Elapsed_time:0.23169-秒
API:/ruleng/v2/run_error/tg/tg_list------Elapsed_time:0.093872-秒
API:/ruleng/v2/run_error/tg/detail/tg_info------Elapsed_time:0.388359-秒
API:/ruleng/v2/run_error/tg/tg_list------Elapsed_time:0.119055-秒
API:/ruleng/v2/run_error/tg/detail/tg_info------Elapsed_time:0.274934-秒
API:/ruleng/v2/run_error/tg/tg_list------Elapsed_time:0.087588-秒
API:/ruleng/v2/run_error/tg/detail/tg_info------Elapsed_time:0.311221-秒
API:/ruleng/v2/run_error/tg/tg_list------Elapsed_time:0.146238-秒
API:/ruleng/v2/run_error/tg/detail/tg_info------Elapsed_time:0.386968-秒
API:/ruleng/v2/run_error/tg/tg_list------Elapsed_time:0.071156-秒
API:/ruleng/v2/run_error/tg/detail/tg_info------Elapsed_time:0.266515-秒
API:/ruleng/v2/run_error/tg/tg_list------Elapsed_time:0.080835-秒
API:/ruleng/v2/run_error/tg/detail/tg_info------Elapsed_time:0.220997-秒
API:/ruleng/v2/run_error/tg/tg_list------Elapsed_time:0.072802-秒
API:/ruleng/v2/run_error/tg/detail/tg_info------Elapsed_time:0.252932-秒
API:/ruleng/v2/safe/logout------Elapsed_time:0.008437-秒
API:/ruleng/v2/safe/getValidCode------Elapsed_time:0.014015-秒
API:/ruleng/gettoken------Elapsed_time:0.006153-秒
API:/ruleng/v2/certify------Elapsed_time:0.008363-秒
API:/ruleng/v2/run_error/date_list------Elapsed_time:0.006638-秒
API:/ruleng/v2/run_error/ststc_report/over_run_year------Elapsed_time:0.036064-秒
API:/ruleng/v2/run_error/ststc_report/over_run_year------Elapsed_time:0.03692-秒
API:/ruleng/v2/run_error/ststc_report/over_run_year------Elapsed_time:0.034882-秒
API:/ruleng/v2/run_error/ststc_report/over_run_year------Elapsed_time:0.032978-秒
API:/ruleng/v2/run_error/ststc_report/over_run_year------Elapsed_time:0.032236-秒
API:/ruleng/v2/run_error/ststc_report/over_run_year------Elapsed_time:0.032257-秒
API:/ruleng/v2/run_error/ststc_report/over_run_year------Elapsed_time:0.032922-秒
API:/ruleng/v2/run_error/ststc_report/over_run_year------Elapsed_time:0.029121-秒
API:/ruleng/v2/run_error/ststc_report/over_run_year------Elapsed_time:0.036222-秒
API:/ruleng/v2/run_error/ststc_report/over_run_year------Elapsed_time:0.039872-秒
API:/ruleng/v2/run_error/ststc_report/over_run_year------Elapsed_time:0.028314-秒
API:/ruleng/v2/run_error/ststc_report/over_run_year------Elapsed_time:0.031872-秒
API:/ruleng/v2/run_error/ststc_report/detail------Elapsed_time:0.577069-秒
API:/ruleng/v2/run_error/ststc_report/detail------Elapsed_time:0.586426-秒
API:/ruleng/v2/run_error/ststc_report/detail------Elapsed_time:0.539984-秒
API:/ruleng/v2/run_error/ststc_report/detail------Elapsed_time:0.553605-秒
API:/ruleng/v2/run_error/ststc_report/detail------Elapsed_time:0.552403-秒
API:/ruleng/v2/run_error/ststc_report/detail------Elapsed_time:0.574404-秒
API:/ruleng/v2/run_error/ststc_report/detail------Elapsed_time:0.542687-秒
API:/ruleng/v2/run_error/ststc_report/detail------Elapsed_time:0.538972-秒
API:/ruleng/v2/run_error/ststc_report/detail------Elapsed_time:0.546573-秒
API:/ruleng/v2/run_error/ststc_report/detail------Elapsed_time:0.526611-秒
API:/ruleng/v2/run_error/ststc_report/detail------Elapsed_time:0.550451-秒
API:/ruleng/v2/run_error/ststc_report/detail------Elapsed_time:0.535876-秒
API:/ruleng/v2/run_error/ststc_report/detail------Elapsed_time:0.536218-秒
API:/ruleng/v2/run_error/ststc_report/detail------Elapsed_time:0.546387-秒
API:/ruleng/v2/run_error/ststc_report/detail------Elapsed_time:0.542953-秒
API:/ruleng/v2/run_error/ststc_report/model_output_table------Elapsed_time:0.359627-秒
API:/ruleng/v2/run_error/ststc_report/model_output_table------Elapsed_time:0.020021-秒
API:/ruleng/v2/run_error/ststc_report/model_output_table------Elapsed_time:0.021474-秒
API:/ruleng/v2/run_error/ststc_report/model_output_table------Elapsed_time:0.017903-秒
API:/ruleng/v2/run_error/ststc_report/model_output_table------Elapsed_time:0.022603-秒
API:/ruleng/v2/run_error/ststc_report/model_output_table------Elapsed_time:0.028274-秒
API:/ruleng/v2/run_error/ststc_report/model_output_table------Elapsed_time:0.018349-秒
API:/ruleng/v2/run_error/ststc_report/model_output_table------Elapsed_time:0.017874-秒
API:/ruleng/v2/run_error/ststc_report/model_output_table------Elapsed_time:0.017484-秒
API:/ruleng/v2/run_error/ststc_report/over_factory------Elapsed_time:0.214975-秒
API:/ruleng/v2/run_error/ststc_report/over_factory------Elapsed_time:0.34841-秒
API:/ruleng/v2/run_error/ststc_report/over_factory------Elapsed_time:0.201476-秒
API:/ruleng/v2/run_error/ststc_report/over_batch------Elapsed_time:0.020545-秒
API:/ruleng/v2/safe/logout------Elapsed_time:0.009409-秒
API:/ruleng/v2/safe/getValidCode------Elapsed_time:0.008755-秒
API:/ruleng/gettoken------Elapsed_time:0.006233-秒
API:/ruleng/v2/certify------Elapsed_time:0.010741-秒
API:/ruleng/v2/run_error/date_list------Elapsed_time:0.008501-秒
API:/ruleng/v2/run_error/analysis/ststc------Elapsed_time:0.057363-秒
API:/ruleng/v2/run_error/analysis/over_meters------Elapsed_time:2.256149-秒
API:/ruleng/v2/run_error/meter/area/ststc------Elapsed_time:0.07003-秒
API:/ruleng/v2/run_error/meter/err_meter/err_type/ststc------Elapsed_time:0.051121-秒
API:/ruleng/v2/run_error/meter/meter_list------Elapsed_time:1.140095-秒
API:/ruleng/v2/run_error/data_govern/govern_info/tg_list------Elapsed_time:0.068433-秒
API:/ruleng/v2/run_error/data_govern/govern_info/tg_list------Elapsed_time:0.040033-秒
API:/ruleng/v2/run_error/data_govern/analysis/area/ststc------Elapsed_time:0.063679-秒
API:/ruleng/v2/run_error/data_govern/analysis/q_type/ststc------Elapsed_time:0.069854-秒
API:/ruleng/v2/run_error/data_govern/govern_info/question_list------Elapsed_time:0.086878-秒
API:/ruleng/v2/run_error/data_govern/rules/rule_list------Elapsed_time:0.011628-秒
API:/ruleng/v2/run_error/ststc_report/detail------Elapsed_time:1.781196-秒
API:/ruleng/v2/run_error/ststc_report/model_output_table------Elapsed_time:1.382813-秒
API:/ruleng/v2/run_error/ststc_report/over_factory------Elapsed_time:0.568678-秒
API:/ruleng/v2/run_error/ststc_report/over_batch------Elapsed_time:0.025299-秒
API:/ruleng/v2/run_error/ststc_report/over_run_year------Elapsed_time:0.032029-秒
API:/ruleng/v2/safe/logout------Elapsed_time:0.008729-秒
API:/ruleng/v2/safe/getValidCode------Elapsed_time:0.009677-秒
API:/ruleng/gettoken------Elapsed_time:0.005836-秒
API:/ruleng/v2/certify------Elapsed_time:0.008832-秒
API:/ruleng/v2/run_error/date_list------Elapsed_time:0.006482-秒
API:/ruleng/v2/safe/getValidCode------Elapsed_time:0.008152-秒
API:/ruleng/v2/run_error/compute_scope/scope_list------Elapsed_time:0.01432-秒
API:/ruleng/v2/safe/login------Elapsed_time:0.05181-秒
API:/ruleng/v2/run_error/settings/set------Elapsed_time:0.010926-秒
API:/ruleng/v2/run_error/compute_scope/insert_scope------Elapsed_time:0.085622-秒
API:/ruleng/v2/run_error/settings/set------Elapsed_time:0.011353-秒
API:/ruleng/v2/safe/logout------Elapsed_time:0.009482-秒
API:/ruleng/v2/safe/getValidCode------Elapsed_time:0.008049-秒
API:/ruleng/gettoken------Elapsed_time:0.006467-秒
API:/ruleng/v2/certify------Elapsed_time:0.009339-秒
API:/ruleng/v2/run_error/date_list------Elapsed_time:0.007206-秒
API:/ruleng/v2/run_error/compute_scope/threshold_config------Elapsed_time:0.513962-秒
API:/ruleng/v2/safe/logout------Elapsed_time:0.008815-秒
