API:/ruleng/v2/safe/getValidCode------Elapsed_time:0.017028-秒
API:/ruleng/v2/safe/getValidCode------Elapsed_time:0.008716-秒
API:/ruleng/v2/safe/login------Elapsed_time:0.053115-秒
API:/ruleng/v2/safe/logout------Elapsed_time:0.009603-秒
API:/ruleng/v2/safe/getValidCode------Elapsed_time:0.007836-秒
API:/ruleng/gettoken------Elapsed_time:0.010576-秒
API:/ruleng/v2/certify------Elapsed_time:0.029958-秒
API:/ruleng/v2/safe/logout------Elapsed_time:0.008023-秒
API:/ruleng/v2/safe/getValidCode------Elapsed_time:0.007725-秒
API:/ruleng/gettoken------Elapsed_time:0.00592-秒
API:/ruleng/v2/certify------Elapsed_time:0.00805-秒
API:/ruleng/v2/run_error/date_list------Elapsed_time:0.011379-秒
API:/ruleng/v2/run_error/date_list------Elapsed_time:0.010865-秒
API:/ruleng/v2/run_error/overview/all------Elapsed_time:0.356967-秒
API:/ruleng/v2/run_error/overview/all------Elapsed_time:0.021261-秒
API:/ruleng/v2/run_error/overview/all------Elapsed_time:0.022742-秒
API:/ruleng/v2/run_error/overview/all------Elapsed_time:0.023445-秒
API:/ruleng/v2/run_error/overview/all------Elapsed_time:0.021836-秒
API:/ruleng/v2/run_error/overview/all------Elapsed_time:0.019091-秒
API:/ruleng/v2/run_error/overview/all------Elapsed_time:0.020588-秒
API:/ruleng/v2/run_error/overview/all------Elapsed_time:0.023193-秒
API:/ruleng/v2/run_error/overview/over_meter/factory_top5------Elapsed_time:0.094792-秒
API:/ruleng/v2/run_error/overview/over_meter/factory_top5------Elapsed_time:0.020188-秒
API:/ruleng/v2/run_error/overview/over_meter/factory_top5------Elapsed_time:0.019759-秒
API:/ruleng/v2/run_error/overview/over_meter/year------Elapsed_time:0.113925-秒
API:/ruleng/v2/run_error/overview/meter/ststc_curve------Elapsed_time:0.489795-秒
API:/ruleng/v2/run_error/overview/over_meter/month_ststc_curve------Elapsed_time:0.127339-秒
API:/ruleng/v2/run_error/overview/over_meter/month_ststc_curve------Elapsed_time:0.021703-秒
API:/ruleng/v2/run_error/overview/over_meter/month_ststc_curve------Elapsed_time:0.019444-秒
API:/ruleng/v2/run_error/date_list------Elapsed_time:0.010911-秒
API:/ruleng/v2/run_error/date_list------Elapsed_time:0.013251-秒
API:/ruleng/v2/run_error/date_list------Elapsed_time:0.00694-秒
API:/ruleng/v2/run_error/date_list------Elapsed_time:0.009757-秒
API:/ruleng/v2/run_error/date_list------Elapsed_time:0.007378-秒
API:/ruleng/gettoken------Elapsed_time:0.006642-秒
API:/ruleng/v2/certify------Elapsed_time:0.010688-秒
API:/ruleng/v2/run_error/date_list------Elapsed_time:0.006957-秒
API:/ruleng/v2/safe/logout------Elapsed_time:0.010139-秒
API:/ruleng/v2/safe/getValidCode------Elapsed_time:0.00874-秒
API:/ruleng/gettoken------Elapsed_time:0.005999-秒
API:/ruleng/v2/certify------Elapsed_time:0.009361-秒
API:/ruleng/v2/run_error/date_list------Elapsed_time:0.006808-秒
API:/ruleng/v2/run_error/analysis/ststc------Elapsed_time:0.677025-秒
API:/ruleng/v2/run_error/analysis/ststc------Elapsed_time:0.06543-秒
API:/ruleng/v2/run_error/analysis/over_meters------Elapsed_time:0.822721-秒
API:/ruleng/v2/run_error/analysis/over_meters------Elapsed_time:0.093701-秒
API:/ruleng/v2/safe/logout------Elapsed_time:0.008415-秒
API:/ruleng/v2/safe/getValidCode------Elapsed_time:0.008653-秒
API:/ruleng/gettoken------Elapsed_time:0.005847-秒
API:/ruleng/v2/certify------Elapsed_time:0.007806-秒
API:/ruleng/v2/run_error/date_list------Elapsed_time:0.006435-秒
API:/ruleng/v2/run_error/data_govern/govern_info/ststc------Elapsed_time:0.039878-秒
API:/ruleng/v2/run_error/data_govern/govern_info/ststc------Elapsed_time:0.011701-秒
API:/ruleng/v2/run_error/data_govern/govern_info/ststc------Elapsed_time:0.010355-秒
API:/ruleng/v2/run_error/data_govern/govern_info/ststc------Elapsed_time:0.007748-秒
API:/ruleng/v2/run_error/data_govern/govern_info/ststc------Elapsed_time:0.010376-秒
API:/ruleng/v2/run_error/data_govern/govern_info/ststc------Elapsed_time:0.013939-秒
API:/ruleng/v2/run_error/data_govern/govern_info/ststc------Elapsed_time:0.011555-秒
API:/ruleng/v2/run_error/data_govern/govern_info/ststc------Elapsed_time:0.011327-秒
API:/ruleng/v2/run_error/data_govern/govern_info/ststc------Elapsed_time:0.012234-秒
API:/ruleng/v2/run_error/data_govern/govern_info/ststc------Elapsed_time:0.007592-秒
API:/ruleng/v2/run_error/data_govern/govern_info/ststc------Elapsed_time:0.007967-秒
API:/ruleng/v2/run_error/data_govern/govern_info/ststc------Elapsed_time:0.006078-秒
API:/ruleng/v2/run_error/data_govern/govern_info/question_list------Elapsed_time:1.79679-秒
API:/ruleng/v2/run_error/data_govern/govern_info/question_list------Elapsed_time:0.167646-秒
API:/ruleng/v2/run_error/data_govern/govern_info/question_detail------Elapsed_time:1.236482-秒
API:/ruleng/v2/run_error/data_govern/govern_info/tg_list------Elapsed_time:0.438596-秒
API:/ruleng/v2/run_error/data_govern/govern_info/tg_list------Elapsed_time:0.187656-秒
API:/ruleng/v2/run_error/data_govern/govern_info/tg_list------Elapsed_time:0.183146-秒
API:/ruleng/v2/run_error/data_govern/govern_info/update_list------Elapsed_time:0.011359-秒
API:/ruleng/v2/run_error/data_govern/govern_info/tg_list------Elapsed_time:0.038006-秒
API:/ruleng/v2/run_error/data_govern/rules/rule_list------Elapsed_time:0.012608-秒
API:/ruleng/v2/run_error/data_govern/rules/rule_list------Elapsed_time:0.012216-秒
API:/ruleng/v2/run_error/data_govern/analysis/area/ststc------Elapsed_time:0.126333-秒
API:/ruleng/v2/run_error/data_govern/analysis/area/ststc------Elapsed_time:0.051304-秒
API:/ruleng/v2/run_error/data_govern/analysis/area/ststc------Elapsed_time:0.050546-秒
API:/ruleng/v2/run_error/data_govern/analysis/area/ststc------Elapsed_time:0.049861-秒
API:/ruleng/v2/run_error/data_govern/analysis/area/ststc------Elapsed_time:0.050192-秒
API:/ruleng/v2/run_error/data_govern/analysis/area/ststc------Elapsed_time:0.051512-秒
API:/ruleng/v2/run_error/data_govern/analysis/area/ststc------Elapsed_time:0.050337-秒
API:/ruleng/v2/run_error/data_govern/analysis/area/ststc------Elapsed_time:0.04987-秒
API:/ruleng/v2/run_error/data_govern/analysis/area/ststc------Elapsed_time:0.05025-秒
API:/ruleng/v2/run_error/data_govern/analysis/area/org_analysis_curve------Elapsed_time:0.103323-秒
API:/ruleng/v2/run_error/data_govern/analysis/area/ststc------Elapsed_time:0.050447-秒
API:/ruleng/v2/run_error/data_govern/analysis/q_type/ststc------Elapsed_time:0.024185-秒
API:/ruleng/v2/run_error/data_govern/analysis/q_type/ststc------Elapsed_time:0.023437-秒
API:/ruleng/v2/run_error/data_govern/govern_info/question_list------Elapsed_time:0.029152-秒
API:/ruleng/v2/safe/logout------Elapsed_time:0.007516-秒
API:/ruleng/v2/safe/getValidCode------Elapsed_time:0.009487-秒
API:/ruleng/gettoken------Elapsed_time:0.006185-秒
API:/ruleng/v2/certify------Elapsed_time:0.00842-秒
API:/ruleng/v2/run_error/date_list------Elapsed_time:0.006705-秒
API:/ruleng/control/data_governance/2022-02-24/02------Elapsed_time:0.292183-秒
API:/ruleng/control/data_governance/2022-02-24/02------Elapsed_time:0.025261-秒
API:/ruleng/v2/run_error/data_govern/govern_info/ststc------Elapsed_time:0.006297-秒
API:/ruleng/v2/safe/logout------Elapsed_time:0.008609-秒
API:/ruleng/v2/safe/getValidCode------Elapsed_time:0.007787-秒
API:/ruleng/gettoken------Elapsed_time:0.006214-秒
API:/ruleng/v2/certify------Elapsed_time:0.007601-秒
API:/ruleng/v2/run_error/date_list------Elapsed_time:0.006265-秒
API:/ruleng/v2/safe/logout------Elapsed_time:0.00908-秒
API:/ruleng/v2/safe/getValidCode------Elapsed_time:0.007949-秒
API:/ruleng/gettoken------Elapsed_time:0.005856-秒
API:/ruleng/v2/certify------Elapsed_time:0.008456-秒
API:/ruleng/v2/run_error/date_list------Elapsed_time:0.006715-秒
API:/ruleng/v2/safe/logout------Elapsed_time:0.009539-秒
API:/ruleng/v2/safe/getValidCode------Elapsed_time:0.007686-秒
API:/ruleng/gettoken------Elapsed_time:0.005878-秒
API:/ruleng/v2/certify------Elapsed_time:0.007902-秒
API:/ruleng/v2/safe/logout------Elapsed_time:0.008402-秒
API:/ruleng/v2/safe/getValidCode------Elapsed_time:0.025008-秒
API:/ruleng/gettoken------Elapsed_time:0.005827-秒
API:/ruleng/v2/certify------Elapsed_time:0.008809-秒
API:/ruleng/v2/safe/logout------Elapsed_time:0.0069-秒
API:/ruleng/v2/safe/getValidCode------Elapsed_time:0.007326-秒
API:/ruleng/gettoken------Elapsed_time:0.005277-秒
API:/ruleng/v2/certify------Elapsed_time:0.008001-秒
API:/ruleng/v2/run_error/date_list------Elapsed_time:0.006474-秒
API:/ruleng/v2/safe/logout------Elapsed_time:0.309769-秒
API:/ruleng/v2/safe/getValidCode------Elapsed_time:0.008277-秒
API:/ruleng/gettoken------Elapsed_time:0.006899-秒
API:/ruleng/v2/certify------Elapsed_time:0.00795-秒
API:/ruleng/v2/run_error/date_list------Elapsed_time:0.006524-秒
API:/ruleng/control/model_appraise/2022-02-24/02------Elapsed_time:0.326829-秒
API:/ruleng/v2/safe/logout------Elapsed_time:0.010954-秒
API:/ruleng/v2/safe/getValidCode------Elapsed_time:0.007804-秒
API:/ruleng/gettoken------Elapsed_time:0.006496-秒
API:/ruleng/v2/certify------Elapsed_time:0.008801-秒
API:/ruleng/v2/run_error/date_list------Elapsed_time:0.00634-秒
API:/ruleng/control/status_appraise/2022-02-24/02------Elapsed_time:0.040883-秒
API:/ruleng/control/status_appraise/2022-02-24/02------Elapsed_time:0.019044-秒
API:/ruleng/v2/safe/logout------Elapsed_time:0.007802-秒
API:/ruleng/v2/safe/getValidCode------Elapsed_time:0.008441-秒
API:/ruleng/gettoken------Elapsed_time:0.006714-秒
API:/ruleng/v2/certify------Elapsed_time:0.008178-秒
API:/ruleng/v2/run_error/date_list------Elapsed_time:0.007131-秒
API:/ruleng/v2/run_error/overview/all------Elapsed_time:0.022376-秒
API:/ruleng/v2/run_error/overview/all------Elapsed_time:0.020272-秒
API:/ruleng/v2/run_error/overview/all------Elapsed_time:0.019961-秒
API:/ruleng/v2/safe/logout------Elapsed_time:0.008098-秒
API:/ruleng/v2/safe/getValidCode------Elapsed_time:0.007637-秒
API:/ruleng/gettoken------Elapsed_time:0.005787-秒
API:/ruleng/v2/certify------Elapsed_time:0.007935-秒
API:/ruleng/v2/safe/logout------Elapsed_time:0.01275-秒
API:/ruleng/v2/safe/getValidCode------Elapsed_time:0.009401-秒
API:/ruleng/gettoken------Elapsed_time:0.005944-秒
API:/ruleng/v2/certify------Elapsed_time:0.162171-秒
API:/ruleng/v2/run_error/date_list------Elapsed_time:0.009937-秒
API:/ruleng/power/err_area_list/2022-02-28------Elapsed_time:0.18479-秒
API:/ruleng/power/err_area_results/2022-02-28------Elapsed_time:0.42144-秒
API:/ruleng/v2/safe/logout------Elapsed_time:0.011413-秒
API:/ruleng/v2/safe/getValidCode------Elapsed_time:0.008849-秒
API:/ruleng/v2/safe/login------Elapsed_time:0.057369-秒
API:/ruleng/v2/safe/login------Elapsed_time:0.034168-秒
API:/ruleng/v2/safe/user/getUsers------Elapsed_time:0.04531-秒
API:/ruleng/v2/safe/user/getUsers------Elapsed_time:0.067976-秒
API:/ruleng/v2/safe/user/getUsers------Elapsed_time:0.046741-秒
API:/ruleng/v1/safe/user/addUser------Elapsed_time:0.032436-秒
API:/ruleng/v2/safe/user/getUsers------Elapsed_time:0.040846-秒
API:/ruleng/v2/safe/user/getUsers------Elapsed_time:0.123688-秒
API:/ruleng/v1/safe/user/updateUserRole------Elapsed_time:0.046184-秒
API:/ruleng/v1/safe/user/updateUserRole------Elapsed_time:0.040523-秒
API:/ruleng/v1/safe/user/updateUserRole------Elapsed_time:0.041065-秒
API:/ruleng/v2/safe/getValidCode------Elapsed_time:0.007697-秒
API:/ruleng/v2/safe/logout------Elapsed_time:0.008662-秒
API:/ruleng/v2/safe/login------Elapsed_time:0.049541-秒
API:/ruleng/v1/safe/self/updatePasswd------Elapsed_time:0.054718-秒
API:/ruleng/v2/safe/login------Elapsed_time:0.048771-秒
API:/ruleng/v1/safe/user/updateUserStatus------Elapsed_time:0.062891-秒
API:/ruleng/v2/safe/logout------Elapsed_time:0.008707-秒
API:/ruleng/v2/safe/login------Elapsed_time:0.036132-秒
API:/ruleng/v2/safe/logout------Elapsed_time:0.006164-秒
API:/ruleng/v2/safe/login------Elapsed_time:0.047583-秒
API:/ruleng/v1/safe/user/updateUserStatus------Elapsed_time:0.036093-秒
API:/ruleng/v2/safe/logout------Elapsed_time:0.009218-秒
API:/ruleng/v2/safe/login------Elapsed_time:0.039836-秒
API:/ruleng/v2/safe/logout------Elapsed_time:0.007227-秒
API:/ruleng/v2/safe/login------Elapsed_time:0.047368-秒
API:/ruleng/v1/safe/user/updateUserStatus------Elapsed_time:0.036499-秒
API:/ruleng/v2/safe/logout------Elapsed_time:0.008664-秒
API:/ruleng/v2/safe/login------Elapsed_time:0.030905-秒
API:/ruleng/v2/safe/logout------Elapsed_time:0.006322-秒
API:/ruleng/v2/safe/login------Elapsed_time:0.051974-秒
API:/ruleng/v1/safe/user/updateUserStatus------Elapsed_time:0.038231-秒
API:/ruleng/v2/safe/logout------Elapsed_time:0.009155-秒
API:/ruleng/v2/safe/login------Elapsed_time:0.047612-秒
API:/ruleng/v2/safe/logout------Elapsed_time:0.007472-秒
API:/ruleng/v2/safe/login------Elapsed_time:0.056186-秒
API:/ruleng/v2/safe/user/getUsers------Elapsed_time:0.040579-秒
API:/ruleng/v2/safe/user/getUsers------Elapsed_time:0.041396-秒
API:/ruleng/v1/safe/user/updateUserInfo------Elapsed_time:0.081008-秒
API:/ruleng/v2/safe/user/getUsers------Elapsed_time:0.041191-秒
API:/ruleng/v2/safe/user/getUsers------Elapsed_time:0.043877-秒
API:/ruleng/v1/safe/user/delUser------Elapsed_time:0.040147-秒
API:/ruleng/v2/safe/user/getUsers------Elapsed_time:0.039073-秒
API:/ruleng/v2/safe/user/getUsers------Elapsed_time:0.037917-秒
API:/ruleng/v2/safe/user/getUsers------Elapsed_time:0.041557-秒
API:/ruleng/v2/safe/user/getUsers------Elapsed_time:0.039371-秒
API:/ruleng/v2/safe/user/getUsers------Elapsed_time:0.041028-秒
API:/ruleng/v2/safe/user/getUsers------Elapsed_time:0.037698-秒
API:/ruleng/v2/safe/user/getUsers------Elapsed_time:0.038901-秒
API:/ruleng/v2/safe/logout------Elapsed_time:0.00764-秒
API:/ruleng/v2/safe/getValidCode------Elapsed_time:0.009197-秒
API:/ruleng/gettoken------Elapsed_time:0.006246-秒
API:/ruleng/v2/certify------Elapsed_time:0.008787-秒
API:/ruleng/v2/run_error/overview/all------Elapsed_time:0.021709-秒
API:/ruleng/v2/run_error/overview/all------Elapsed_time:0.157554-秒
API:/ruleng/v2/run_error/overview/all------Elapsed_time:0.101915-秒
API:/ruleng/v2/run_error/overview/all------Elapsed_time:0.102386-秒
API:/ruleng/v2/run_error/overview/all------Elapsed_time:0.020866-秒
API:/ruleng/v2/run_error/overview/all------Elapsed_time:0.023257-秒
API:/ruleng/v2/run_error/overview/all------Elapsed_time:0.026272-秒
API:/ruleng/v2/run_error/overview/all------Elapsed_time:0.021769-秒
API:/ruleng/v2/run_error/overview/all------Elapsed_time:0.022202-秒
API:/ruleng/v2/run_error/overview/all------Elapsed_time:0.021099-秒
API:/ruleng/v2/run_error/overview/all------Elapsed_time:0.019971-秒
API:/ruleng/v2/run_error/overview/all------Elapsed_time:0.020713-秒
API:/ruleng/v2/run_error/overview/all------Elapsed_time:0.022097-秒
API:/ruleng/v2/run_error/overview/all------Elapsed_time:0.020401-秒
API:/ruleng/v2/run_error/overview/all------Elapsed_time:0.024234-秒
API:/ruleng/v2/run_error/overview/all------Elapsed_time:0.01993-秒
API:/ruleng/v2/run_error/analysis/ststc------Elapsed_time:0.058265-秒
API:/ruleng/v2/run_error/analysis/ststc------Elapsed_time:0.104161-秒
API:/ruleng/v2/run_error/analysis/ststc------Elapsed_time:0.070127-秒
API:/ruleng/v2/run_error/analysis/ststc------Elapsed_time:0.084091-秒
API:/ruleng/v2/run_error/analysis/ststc------Elapsed_time:0.064276-秒
API:/ruleng/v2/run_error/analysis/ststc------Elapsed_time:0.101777-秒
API:/ruleng/v2/run_error/analysis/ststc------Elapsed_time:0.059327-秒
API:/ruleng/v2/run_error/analysis/ststc------Elapsed_time:0.084444-秒
API:/ruleng/v2/run_error/analysis/ststc------Elapsed_time:0.053513-秒
API:/ruleng/v2/run_error/analysis/ststc------Elapsed_time:0.100489-秒
API:/ruleng/v2/run_error/analysis/ststc------Elapsed_time:0.074087-秒
API:/ruleng/v2/run_error/analysis/ststc------Elapsed_time:0.091102-秒
API:/ruleng/v2/run_error/analysis/ststc------Elapsed_time:0.061662-秒
API:/ruleng/v2/run_error/analysis/ststc------Elapsed_time:0.097879-秒
API:/ruleng/v2/run_error/analysis/ststc------Elapsed_time:0.061226-秒
API:/ruleng/v2/run_error/analysis/ststc------Elapsed_time:0.083699-秒
API:/ruleng/v2/run_error/meter/area/ststc------Elapsed_time:0.052172-秒
API:/ruleng/v2/run_error/meter/area/ststc------Elapsed_time:0.10964-秒
API:/ruleng/v2/run_error/meter/area/ststc------Elapsed_time:0.061178-秒
API:/ruleng/v2/run_error/meter/area/ststc------Elapsed_time:0.089059-秒
API:/ruleng/v2/run_error/meter/area/ststc------Elapsed_time:0.054007-秒
API:/ruleng/v2/run_error/meter/area/ststc------Elapsed_time:0.095308-秒
API:/ruleng/v2/run_error/meter/area/ststc------Elapsed_time:0.064896-秒
API:/ruleng/v2/run_error/meter/area/ststc------Elapsed_time:0.091699-秒
API:/ruleng/v2/run_error/meter/area/ststc------Elapsed_time:0.058111-秒
API:/ruleng/v2/run_error/meter/area/ststc------Elapsed_time:0.093694-秒
API:/ruleng/v2/run_error/meter/area/ststc------Elapsed_time:0.077078-秒
API:/ruleng/v2/run_error/meter/area/ststc------Elapsed_time:0.09408-秒
API:/ruleng/v2/run_error/data_govern/govern_info/ststc------Elapsed_time:0.098733-秒
API:/ruleng/v2/run_error/data_govern/govern_info/ststc------Elapsed_time:0.057258-秒
API:/ruleng/v2/run_error/data_govern/govern_info/ststc------Elapsed_time:0.032222-秒
API:/ruleng/v2/run_error/data_govern/govern_info/ststc------Elapsed_time:0.039124-秒
API:/ruleng/v2/run_error/data_govern/govern_info/ststc------Elapsed_time:0.007219-秒
API:/ruleng/v2/run_error/data_govern/govern_info/ststc------Elapsed_time:0.006696-秒
API:/ruleng/v2/run_error/data_govern/govern_info/ststc------Elapsed_time:0.0082-秒
API:/ruleng/v2/run_error/data_govern/govern_info/ststc------Elapsed_time:0.00807-秒
API:/ruleng/v2/run_error/data_govern/govern_info/ststc------Elapsed_time:0.006324-秒
API:/ruleng/v2/run_error/data_govern/govern_info/ststc------Elapsed_time:0.006359-秒
API:/ruleng/v2/run_error/data_govern/govern_info/ststc------Elapsed_time:0.00735-秒
API:/ruleng/v2/run_error/data_govern/govern_info/ststc------Elapsed_time:0.006724-秒
API:/ruleng/v2/run_error/data_govern/govern_info/ststc------Elapsed_time:0.006208-秒
API:/ruleng/v2/run_error/data_govern/govern_info/ststc------Elapsed_time:0.006579-秒
API:/ruleng/v2/run_error/data_govern/govern_info/ststc------Elapsed_time:0.006746-秒
API:/ruleng/v2/run_error/data_govern/govern_info/ststc------Elapsed_time:0.006761-秒
API:/ruleng/v2/run_error/data_govern/govern_info/ststc------Elapsed_time:0.006265-秒
API:/ruleng/v2/run_error/data_govern/govern_info/ststc------Elapsed_time:0.007121-秒
API:/ruleng/v2/run_error/data_govern/govern_info/ststc------Elapsed_time:0.007906-秒
API:/ruleng/v2/run_error/data_govern/govern_info/ststc------Elapsed_time:0.00622-秒
API:/ruleng/v2/run_error/data_govern/govern_info/ststc------Elapsed_time:0.007072-秒
API:/ruleng/v2/run_error/data_govern/govern_info/ststc------Elapsed_time:0.006595-秒
API:/ruleng/v2/run_error/data_govern/govern_info/ststc------Elapsed_time:0.006448-秒
API:/ruleng/v2/run_error/data_govern/govern_info/ststc------Elapsed_time:0.006146-秒
API:/ruleng/v2/run_error/data_govern/govern_info/ststc------Elapsed_time:0.006207-秒
API:/ruleng/v2/run_error/data_govern/govern_info/ststc------Elapsed_time:0.006438-秒
API:/ruleng/v2/run_error/data_govern/govern_info/ststc------Elapsed_time:0.006927-秒
API:/ruleng/v2/run_error/data_govern/govern_info/ststc------Elapsed_time:0.00613-秒
API:/ruleng/v2/run_error/data_govern/govern_info/ststc------Elapsed_time:0.005908-秒
API:/ruleng/v2/run_error/data_govern/govern_info/ststc------Elapsed_time:0.005951-秒
API:/ruleng/v2/run_error/data_govern/govern_info/ststc------Elapsed_time:0.008053-秒
API:/ruleng/v2/run_error/data_govern/govern_info/ststc------Elapsed_time:0.006266-秒
API:/ruleng/v2/safe/logout------Elapsed_time:0.008686-秒
API:/ruleng/v2/safe/getValidCode------Elapsed_time:0.009233-秒
API:/ruleng/gettoken------Elapsed_time:0.005937-秒
API:/ruleng/v2/certify------Elapsed_time:0.007691-秒
API:/ruleng/v2/run_error/overview/all------Elapsed_time:0.098277-秒
API:/ruleng/v2/run_error/overview/all------Elapsed_time:0.105601-秒
API:/ruleng/v2/run_error/overview/all------Elapsed_time:0.097637-秒
API:/ruleng/v2/run_error/overview/all------Elapsed_time:0.099377-秒
API:/ruleng/v2/run_error/overview/all------Elapsed_time:0.022111-秒
API:/ruleng/v2/run_error/overview/all------Elapsed_time:0.019394-秒
API:/ruleng/v2/run_error/overview/all------Elapsed_time:0.019129-秒
API:/ruleng/v2/run_error/overview/all------Elapsed_time:0.020888-秒
API:/ruleng/v2/run_error/overview/all------Elapsed_time:0.018817-秒
API:/ruleng/v2/run_error/overview/all------Elapsed_time:0.020768-秒
API:/ruleng/v2/run_error/overview/all------Elapsed_time:0.019328-秒
API:/ruleng/v2/run_error/overview/all------Elapsed_time:0.0208-秒
API:/ruleng/v2/safe/logout------Elapsed_time:0.009276-秒
API:/ruleng/v2/safe/getValidCode------Elapsed_time:0.010039-秒
API:/ruleng/gettoken------Elapsed_time:0.005933-秒
API:/ruleng/v2/certify------Elapsed_time:0.008241-秒
API:/ruleng/v2/run_error/overview/all------Elapsed_time:0.134436-秒
API:/ruleng/v2/run_error/overview/all------Elapsed_time:0.131132-秒
API:/ruleng/v2/run_error/overview/all------Elapsed_time:0.096712-秒
API:/ruleng/v2/run_error/overview/all------Elapsed_time:0.103294-秒
API:/ruleng/v2/run_error/overview/all------Elapsed_time:0.02172-秒
API:/ruleng/v2/run_error/overview/all------Elapsed_time:0.020433-秒
API:/ruleng/v2/run_error/overview/all------Elapsed_time:0.019472-秒
API:/ruleng/v2/run_error/overview/all------Elapsed_time:0.02063-秒
API:/ruleng/v2/run_error/overview/all------Elapsed_time:0.021329-秒
API:/ruleng/v2/run_error/overview/all------Elapsed_time:0.020668-秒
API:/ruleng/v2/run_error/overview/all------Elapsed_time:0.019556-秒
API:/ruleng/v2/run_error/overview/all------Elapsed_time:0.02008-秒
API:/ruleng/v2/safe/logout------Elapsed_time:0.009451-秒
API:/ruleng/v1/run_error/big/cal_rate------Elapsed_time:0.355339-秒
API:/ruleng/v2/safe/getValidCode------Elapsed_time:0.008378-秒
API:/ruleng/gettoken------Elapsed_time:0.007213-秒
API:/ruleng/v2/certify------Elapsed_time:0.00833-秒
API:/ruleng/v2/run_error/date_list------Elapsed_time:0.00604-秒
API:/ruleng/v2/run_error/meter/area/ststc------Elapsed_time:0.05907-秒
API:/ruleng/v2/run_error/meter/area/ststc------Elapsed_time:0.070358-秒
API:/ruleng/v2/run_error/meter/area/ststc------Elapsed_time:0.066059-秒
API:/ruleng/v2/run_error/meter/area/ststc------Elapsed_time:0.065831-秒
API:/ruleng/v2/run_error/meter/area/ststc------Elapsed_time:0.068148-秒
API:/ruleng/v2/run_error/meter/area/ststc------Elapsed_time:0.060582-秒
API:/ruleng/v2/run_error/meter/area/err_meter/type_num_curve------Elapsed_time:2.109299-秒
API:/ruleng/v2/run_error/meter/err_meter/err_type/ststc------Elapsed_time:0.050604-秒
API:/ruleng/v2/run_error/meter/err_meter/err_type/ststc------Elapsed_time:0.050825-秒
API:/ruleng/v2/run_error/meter/err_meter/err_type/ststc------Elapsed_time:0.046958-秒
API:/ruleng/v2/run_error/meter/err_meter/err_type/ststc------Elapsed_time:0.049661-秒
API:/ruleng/v2/run_error/meter/err_meter/err_type/ststc------Elapsed_time:0.052218-秒
API:/ruleng/v2/run_error/meter/err_meter/err_type/ststc------Elapsed_time:0.047328-秒
API:/ruleng/v2/run_error/meter/err_meter/err_type/ststc------Elapsed_time:0.04755-秒
API:/ruleng/v2/run_error/meter/err_meter/err_type/ststc------Elapsed_time:0.046348-秒
API:/ruleng/v2/run_error/meter/err_meter/err_type/ststc------Elapsed_time:0.048971-秒
API:/ruleng/v2/run_error/meter/err_meter/err_type/ststc------Elapsed_time:0.049826-秒
API:/ruleng/v2/run_error/meter/err_meter/err_type/ststc------Elapsed_time:0.047828-秒
API:/ruleng/v2/run_error/meter/meter_list------Elapsed_time:0.907467-秒
API:/ruleng/v2/run_error/meter/meter_list------Elapsed_time:0.571208-秒
API:/ruleng/v2/run_error/meter/meter_list------Elapsed_time:0.516063-秒
API:/ruleng/v2/run_error/meter/meter_list------Elapsed_time:0.439975-秒
API:/ruleng/v2/run_error/meter/meter_list------Elapsed_time:0.35545-秒
API:/ruleng/v2/run_error/meter/detail/meter_info------Elapsed_time:0.336963-秒
API:/ruleng/v2/run_error/meter/meter_list------Elapsed_time:0.308219-秒
API:/ruleng/v2/run_error/meter/detail/m_analysis_curve------Elapsed_time:84.146718-秒
API:/ruleng/v2/run_error/meter/meter_list------Elapsed_time:0.263598-秒
API:/ruleng/v2/run_error/meter/detail/err_info------Elapsed_time:0.032331-秒
API:/ruleng/v2/safe/logout------Elapsed_time:0.008975-秒
API:/ruleng/v2/safe/getValidCode------Elapsed_time:0.007757-秒
API:/ruleng/gettoken------Elapsed_time:0.005933-秒
API:/ruleng/v2/certify------Elapsed_time:0.010051-秒
API:/ruleng/v2/run_error/date_list------Elapsed_time:0.006727-秒
API:/ruleng/v2/run_error/tg/area/ststc------Elapsed_time:0.058396-秒
API:/ruleng/v2/run_error/tg/area/ststc------Elapsed_time:0.057449-秒
API:/ruleng/v2/run_error/tg/area/ststc------Elapsed_time:0.060425-秒
API:/ruleng/v2/run_error/tg/area/ststc------Elapsed_time:0.057419-秒
API:/ruleng/v2/run_error/tg/area/ststc------Elapsed_time:0.057328-秒
API:/ruleng/v2/run_error/tg/area/ststc------Elapsed_time:0.058882-秒
API:/ruleng/v2/run_error/tg/area/ststc------Elapsed_time:0.058017-秒
API:/ruleng/v2/run_error/tg/area/ststc------Elapsed_time:0.057786-秒
API:/ruleng/v2/run_error/tg/abnor_tg/err_type/ststc------Elapsed_time:0.107143-秒
API:/ruleng/v2/run_error/tg/abnor_tg/err_type/ststc------Elapsed_time:0.026084-秒
API:/ruleng/v2/run_error/tg/abnor_tg/err_type/ststc------Elapsed_time:0.028054-秒
API:/ruleng/v2/run_error/tg/abnor_tg/err_type/ststc------Elapsed_time:0.023852-秒
API:/ruleng/v2/run_error/tg/abnor_tg/err_type/ststc------Elapsed_time:0.025474-秒
API:/ruleng/v2/run_error/tg/abnor_tg/err_type/ststc------Elapsed_time:0.023573-秒
API:/ruleng/v2/run_error/tg/abnor_tg/err_type/ststc------Elapsed_time:0.023548-秒
API:/ruleng/v2/run_error/tg/abnor_tg/err_type/ststc------Elapsed_time:0.023869-秒
API:/ruleng/v2/run_error/tg/abnor_tg/err_type/ststc------Elapsed_time:0.025792-秒
API:/ruleng/v2/run_error/tg/abnor_tg/err_type/ststc------Elapsed_time:0.029516-秒
API:/ruleng/v2/run_error/tg/abnor_tg/err_type/ststc------Elapsed_time:0.02557-秒
API:/ruleng/v2/run_error/tg/abnor_tg/err_type/ststc------Elapsed_time:0.024536-秒
API:/ruleng/v2/run_error/tg/tg_list------Elapsed_time:0.432557-秒
API:/ruleng/v2/run_error/tg/tg_list------Elapsed_time:0.119341-秒
API:/ruleng/v2/run_error/tg/detail/tg_info------Elapsed_time:0.242146-秒
API:/ruleng/v2/run_error/tg/tg_list------Elapsed_time:0.122085-秒
API:/ruleng/v2/run_error/tg/detail/tg_info------Elapsed_time:0.223453-秒
API:/ruleng/v2/run_error/tg/tg_list------Elapsed_time:0.121677-秒
API:/ruleng/v2/run_error/tg/detail/tg_info------Elapsed_time:0.223233-秒
API:/ruleng/v2/run_error/tg/tg_list------Elapsed_time:0.121451-秒
API:/ruleng/v2/run_error/tg/detail/tg_info------Elapsed_time:0.231489-秒
API:/ruleng/v2/run_error/tg/tg_list------Elapsed_time:0.118921-秒
API:/ruleng/v2/run_error/tg/detail/tg_info------Elapsed_time:0.223033-秒
API:/ruleng/v2/run_error/tg/tg_list------Elapsed_time:0.12072-秒
API:/ruleng/v2/run_error/tg/detail/tg_info------Elapsed_time:0.227772-秒
API:/ruleng/v2/run_error/tg/tg_list------Elapsed_time:0.127188-秒
API:/ruleng/v2/run_error/tg/detail/tg_info------Elapsed_time:0.244459-秒
API:/ruleng/v2/safe/logout------Elapsed_time:0.016182-秒
API:/ruleng/v2/safe/getValidCode------Elapsed_time:0.01167-秒
API:/ruleng/gettoken------Elapsed_time:0.007906-秒
API:/ruleng/v2/certify------Elapsed_time:0.009814-秒
API:/ruleng/v2/run_error/date_list------Elapsed_time:0.007701-秒
API:/ruleng/v2/run_error/ststc_report/over_run_year------Elapsed_time:0.061421-秒
API:/ruleng/v2/run_error/ststc_report/over_run_year------Elapsed_time:0.029724-秒
API:/ruleng/v2/run_error/ststc_report/over_run_year------Elapsed_time:0.031581-秒
API:/ruleng/v2/run_error/ststc_report/over_run_year------Elapsed_time:0.03746-秒
API:/ruleng/v2/run_error/ststc_report/over_run_year------Elapsed_time:0.037632-秒
API:/ruleng/v2/run_error/ststc_report/over_run_year------Elapsed_time:0.092507-秒
API:/ruleng/v2/run_error/ststc_report/over_run_year------Elapsed_time:0.02931-秒
API:/ruleng/v2/run_error/ststc_report/over_run_year------Elapsed_time:0.028805-秒
API:/ruleng/v2/run_error/ststc_report/over_run_year------Elapsed_time:0.02979-秒
API:/ruleng/v2/run_error/ststc_report/over_run_year------Elapsed_time:0.028039-秒
API:/ruleng/v2/run_error/ststc_report/over_run_year------Elapsed_time:0.029449-秒
API:/ruleng/v2/run_error/ststc_report/over_run_year------Elapsed_time:0.02907-秒
API:/ruleng/v2/run_error/ststc_report/detail------Elapsed_time:0.479518-秒
API:/ruleng/v2/run_error/ststc_report/detail------Elapsed_time:0.457087-秒
API:/ruleng/v2/run_error/ststc_report/detail------Elapsed_time:0.484858-秒
API:/ruleng/v2/run_error/ststc_report/detail------Elapsed_time:0.446889-秒
API:/ruleng/v2/run_error/ststc_report/detail------Elapsed_time:0.465411-秒
API:/ruleng/v2/run_error/ststc_report/detail------Elapsed_time:0.454528-秒
API:/ruleng/v2/run_error/ststc_report/detail------Elapsed_time:0.494272-秒
API:/ruleng/v2/run_error/ststc_report/detail------Elapsed_time:0.449649-秒
API:/ruleng/v2/run_error/ststc_report/detail------Elapsed_time:0.469774-秒
API:/ruleng/v2/run_error/ststc_report/detail------Elapsed_time:0.474762-秒
API:/ruleng/v2/run_error/ststc_report/detail------Elapsed_time:0.460493-秒
API:/ruleng/v2/run_error/ststc_report/detail------Elapsed_time:0.465573-秒
API:/ruleng/v2/run_error/ststc_report/detail------Elapsed_time:0.472661-秒
API:/ruleng/v2/run_error/ststc_report/detail------Elapsed_time:0.453859-秒
API:/ruleng/v2/run_error/ststc_report/detail------Elapsed_time:0.466478-秒
API:/ruleng/v2/run_error/ststc_report/model_output_table------Elapsed_time:1.034093-秒
API:/ruleng/v2/run_error/ststc_report/model_output_table------Elapsed_time:0.030095-秒
API:/ruleng/v2/run_error/ststc_report/model_output_table------Elapsed_time:0.027828-秒
API:/ruleng/v2/run_error/ststc_report/model_output_table------Elapsed_time:0.030236-秒
API:/ruleng/v2/run_error/ststc_report/model_output_table------Elapsed_time:0.021287-秒
API:/ruleng/v2/run_error/ststc_report/model_output_table------Elapsed_time:0.018915-秒
API:/ruleng/v2/run_error/ststc_report/model_output_table------Elapsed_time:0.019679-秒
API:/ruleng/v2/run_error/ststc_report/model_output_table------Elapsed_time:0.019429-秒
API:/ruleng/v2/run_error/ststc_report/model_output_table------Elapsed_time:0.017917-秒
API:/ruleng/v2/run_error/ststc_report/model_output_table------Elapsed_time:0.017598-秒
API:/ruleng/v2/run_error/ststc_report/model_output_table------Elapsed_time:0.017322-秒
API:/ruleng/v2/run_error/ststc_report/over_factory------Elapsed_time:0.250386-秒
API:/ruleng/v2/run_error/ststc_report/over_factory------Elapsed_time:0.169484-秒
API:/ruleng/v2/run_error/ststc_report/over_factory------Elapsed_time:0.168034-秒
API:/ruleng/v2/run_error/ststc_report/over_batch------Elapsed_time:0.022505-秒
API:/ruleng/v2/safe/logout------Elapsed_time:0.009853-秒
API:/ruleng/v2/safe/getValidCode------Elapsed_time:0.007925-秒
API:/ruleng/gettoken------Elapsed_time:0.006284-秒
API:/ruleng/v2/certify------Elapsed_time:0.008654-秒
API:/ruleng/v2/run_error/date_list------Elapsed_time:0.007777-秒
API:/ruleng/v2/run_error/analysis/ststc------Elapsed_time:0.049957-秒
API:/ruleng/v2/run_error/analysis/over_meters------Elapsed_time:1.38018-秒
API:/ruleng/v2/run_error/meter/area/ststc------Elapsed_time:0.058467-秒
API:/ruleng/v2/run_error/meter/err_meter/err_type/ststc------Elapsed_time:0.051166-秒
API:/ruleng/v2/run_error/meter/meter_list------Elapsed_time:0.412498-秒
API:/ruleng/v2/run_error/data_govern/govern_info/tg_list------Elapsed_time:0.203478-秒
API:/ruleng/v2/run_error/data_govern/govern_info/tg_list------Elapsed_time:0.028776-秒
API:/ruleng/v2/run_error/data_govern/govern_info/question_list------Elapsed_time:0.023183-秒
API:/ruleng/v2/run_error/data_govern/govern_info/question_detail------Elapsed_time:0.086506-秒
API:/ruleng/v2/run_error/data_govern/analysis/area/ststc------Elapsed_time:0.058215-秒
API:/ruleng/v2/run_error/data_govern/analysis/q_type/ststc------Elapsed_time:0.02584-秒
API:/ruleng/v2/run_error/data_govern/govern_info/question_list------Elapsed_time:0.129372-秒
API:/ruleng/v2/run_error/data_govern/rules/rule_list------Elapsed_time:0.015048-秒
API:/ruleng/v2/run_error/ststc_report/detail------Elapsed_time:1.449833-秒
API:/ruleng/v2/run_error/ststc_report/model_output_table------Elapsed_time:0.76609-秒
API:/ruleng/v2/run_error/ststc_report/over_factory------Elapsed_time:0.359278-秒
API:/ruleng/v2/run_error/ststc_report/over_batch------Elapsed_time:0.027374-秒
API:/ruleng/v2/run_error/ststc_report/over_run_year------Elapsed_time:0.079273-秒
API:/ruleng/v2/safe/logout------Elapsed_time:0.011297-秒
API:/ruleng/v2/safe/getValidCode------Elapsed_time:0.009173-秒
API:/ruleng/gettoken------Elapsed_time:0.006648-秒
API:/ruleng/v2/certify------Elapsed_time:0.00882-秒
API:/ruleng/v2/run_error/date_list------Elapsed_time:0.00727-秒
API:/ruleng/v2/safe/getValidCode------Elapsed_time:0.007888-秒
API:/ruleng/v2/run_error/compute_scope/scope_list------Elapsed_time:0.015487-秒
API:/ruleng/v2/safe/login------Elapsed_time:0.046431-秒
API:/ruleng/v2/run_error/compute_scope/insert_scope------Elapsed_time:0.087657-秒
API:/ruleng/v2/safe/logout------Elapsed_time:0.009149-秒
API:/ruleng/v2/safe/getValidCode------Elapsed_time:0.008034-秒
API:/ruleng/gettoken------Elapsed_time:0.006088-秒
API:/ruleng/v2/certify------Elapsed_time:0.008492-秒
API:/ruleng/v2/run_error/date_list------Elapsed_time:0.007131-秒
API:/ruleng/v2/run_error/compute_scope/threshold_config------Elapsed_time:0.335159-秒
API:/ruleng/v2/safe/logout------Elapsed_time:0.011262-秒
API:/ruleng/v2/safe/getValidCode------Elapsed_time:0.009414-秒
API:/ruleng/gettoken------Elapsed_time:0.006114-秒
API:/ruleng/v2/certify------Elapsed_time:0.008726-秒
API:/ruleng/v2/run_error/date_list------Elapsed_time:0.006689-秒
API:/ruleng/v2/safe/getValidCode------Elapsed_time:0.009991-秒
API:/ruleng/gettoken------Elapsed_time:0.007535-秒
API:/ruleng/v2/certify------Elapsed_time:0.010626-秒
API:/ruleng/v2/run_error/date_list------Elapsed_time:0.00761-秒
API:/ruleng/v2/safe/getValidCode------Elapsed_time:0.010881-秒
API:/ruleng/gettoken------Elapsed_time:0.007675-秒
API:/ruleng/v2/certify------Elapsed_time:0.010135-秒
API:/ruleng/v2/run_error/date_list------Elapsed_time:0.00805-秒
